
> physio-clinic@1.0.0 build
> next build

  Γû▓ Next.js 14.2.35

   Creating an optimized production build ...
node.exe :  ΓÜá Found lockfile missing swc dependencies, patching...
At line:1 char:1
+ & "C:\Program Files\nodejs/node.exe" "C:\Program Files\nodejs/node_mo ...
+ ~~~~~~~~~~~~~~~~~~~~~~~~~~~~~~~~~~~~~~~~~~~~~~~~~~~~~~~~~~~~~~~~~~~~~
    + CategoryInfo          : NotSpecified: ( ΓÜá Found lock...es, patching...:String) [], RemoteException
    + FullyQualifiedErrorId : NativeCommandError
 
 ΓÜá Found lockfile missing swc dependencies, patching...
 ΓÜá Found lockfile missing swc dependencies, patching...
 Γ£ô Compiled successfully
   Skipping validation of types
   Skipping linting
   Collecting page data ...
 ΓÜá Found lockfile missing swc dependencies, patching...
   Generating static pages (0/4) ...
   Generating static pages (1/4) 
   Generating static pages (2/4) 
   Generating static pages (3/4) 
 Γ£ô Generating static pages (4/4)
   Finalizing page optimization ...
   Collecting build traces ...

Route (app)                              Size     First Load JS
Γöî Γùï /                                    176 kB          263 kB
Γöö Γùï /_not-found                          873 B          88.2 kB
+ First Load JS shared by all            87.3 kB
  Γö£ chunks/117-4f5b424f20efdcae.js       31.7 kB
  Γö£ chunks/fd9d1056-b11b2651f33aae7f.js  53.6 kB
  Γöö other shared chunks (total)          1.92 kB


Γùï  (Static)  prerendered as static content

 Γ¿» Failed to patch lockfile, please try uninstalling and reinstalling next in this workspace
TypeError: Cannot read properties of undefined (reading 'os')
    at fetchPkgInfo 
(C:\Users\asher\Desktop\Physio\Physio-Clinic\node_modules\next\dist\lib\patch-incorrect-lockfile.js:73:25)
    at process.processTicksAndRejections (node:internal/process/task_queues:104:5)
    at async Promise.all (index 0)
    at async patchIncorrectLockfile 
(C:\Users\asher\Desktop\Physio\Physio-Clinic\node_modules\next\dist\lib\patch-incorrect-lockfile.js:162:26)
    at async build (C:\Users\asher\Desktop\Physio\Physio-Clinic\node_modules\next\dist\build\index.js:2169:9)
